[1] "30-machine5-co-random-50-true-1-1-30true-13422.out.latency"
   Min. 1st Qu.  Median    Mean 3rd Qu.    Max. 
      0       8    1398    1185    2048 3714000 
[1] "------------"
[1] "30-machine5-co-random-50-true-1-1-30true-15640.out.latency"
   Min. 1st Qu.  Median    Mean 3rd Qu.    Max. 
      0       9    1516    1197    2048 3714000 
[1] "------------"
[1] "30-machine5-co-random-50-true-1-1-30true-16104.out.latency"
   Min. 1st Qu.  Median    Mean 3rd Qu.    Max. 
      0       9    1129    1167    2048 3714000 
[1] "------------"
[1] "30-machine5-co-random-50-true-1-1-30true-1686.out.latency"
   Min. 1st Qu.  Median    Mean 3rd Qu.    Max. 
      0       8     946    1157    2048 3714000 
[1] "------------"
[1] "30-machine5-co-random-50-true-1-1-30true-243.out.latency"
   Min. 1st Qu.  Median    Mean 3rd Qu.    Max. 
      0       9    1398    1184    2048 3714000 
[1] "------------"
[1] "30-machine5-co-random-50-true-1-1-30true-3975.out.latency"
   Min. 1st Qu.  Median    Mean 3rd Qu.    Max. 
      0       8    1024    1165    2048 3714000 
[1] "------------"
[1] "30-machine5-co-random-50-true-1-1-30true-5243.out.latency"
   Min. 1st Qu.  Median    Mean 3rd Qu.    Max. 
      0       9    1024    1164    2048 3714000 
[1] "------------"
[1] "30-machine5-co-random-50-true-1-1-30true-9421.out.latency"
   Min. 1st Qu.  Median    Mean 3rd Qu.    Max. 
      0       8     918    1156    2048 3714000 
[1] "------------"
