[1] "30-machine5-co-random-50-true-1-1-60true-10252.out.latency"
   Min. 1st Qu.  Median    Mean 3rd Qu.    Max. 
      0       9    1022    1159    2048 3714000 
[1] "------------"
[1] "30-machine5-co-random-50-true-1-1-60true-12198.out.latency"
   Min. 1st Qu.  Median    Mean 3rd Qu.    Max. 
      0       8    1113    1166    2048 3714000 
[1] "------------"
[1] "30-machine5-co-random-50-true-1-1-60true-13380.out.latency"
   Min. 1st Qu.  Median    Mean 3rd Qu.    Max. 
      0       9    1398    1191    2048 3714000 
[1] "------------"
[1] "30-machine5-co-random-50-true-1-1-60true-13749.out.latency"
   Min. 1st Qu.  Median    Mean 3rd Qu.    Max. 
      0       8    1113    1169    2048 3714000 
[1] "------------"
[1] "30-machine5-co-random-50-true-1-1-60true-13861.out.latency"
   Min. 1st Qu.  Median    Mean 3rd Qu.    Max. 
      0       8     985    1158    2048 3714000 
[1] "------------"
[1] "30-machine5-co-random-50-true-1-1-60true-27025.out.latency"
   Min. 1st Qu.  Median    Mean 3rd Qu.    Max. 
      0       8    1024    1163    2048 3714000 
[1] "------------"
[1] "30-machine5-co-random-50-true-1-1-60true-7432.out.latency"
   Min. 1st Qu.  Median    Mean 3rd Qu.    Max. 
      0       8    1024    1164    2048 3714000 
[1] "------------"
[1] "30-machine5-co-random-50-true-1-1-60true-9750.out.latency"
   Min. 1st Qu.  Median    Mean 3rd Qu.    Max. 
      0       8    1024    1162    2048 3714000 
[1] "------------"
