[1] "30-machine5-co-random-50-true-1-1-0false-11618.out.latency"
   Min. 1st Qu.  Median    Mean 3rd Qu.    Max. 
      0       8    1005    1158    2048 3714000 
[1] "------------"
[1] "30-machine5-co-random-50-true-1-1-0false-12034.out.latency"
   Min. 1st Qu.  Median    Mean 3rd Qu.    Max. 
      0       9    1516    1199    2048 3714000 
[1] "------------"
[1] "30-machine5-co-random-50-true-1-1-0false-13573.out.latency"
   Min. 1st Qu.  Median    Mean 3rd Qu.    Max. 
      0       9    1129    1167    2048 3714000 
[1] "------------"
[1] "30-machine5-co-random-50-true-1-1-0false-19188.out.latency"
   Min. 1st Qu.  Median    Mean 3rd Qu.    Max. 
      0       9    1113    1166    2048 3714000 
[1] "------------"
[1] "30-machine5-co-random-50-true-1-1-0false-239.out.latency"
   Min. 1st Qu.  Median    Mean 3rd Qu.    Max. 
      0       8    1022    1161    2048 3714000 
[1] "------------"
[1] "30-machine5-co-random-50-true-1-1-0false-25614.out.latency"
   Min. 1st Qu.  Median    Mean 3rd Qu.    Max. 
      0       8    1113    1164    2048 3714000 
[1] "------------"
[1] "30-machine5-co-random-50-true-1-1-0false-27790.out.latency"
   Min. 1st Qu.  Median    Mean 3rd Qu.    Max. 
      0       8    1024    1164    2048 3714000 
[1] "------------"
[1] "30-machine5-co-random-50-true-1-1-0false-4033.out.latency"
   Min. 1st Qu.  Median    Mean 3rd Qu.    Max. 
      0       9     985    1157    2048 3714000 
[1] "------------"
