[1] "30-machine5-co-random-50-true-1-1-30false-1339.out.latency"
   Min. 1st Qu.  Median    Mean 3rd Qu.    Max. 
      0       8    1396    1188    2048 3714000 
[1] "------------"
[1] "30-machine5-co-random-50-true-1-1-30false-14871.out.latency"
   Min. 1st Qu.  Median    Mean 3rd Qu.    Max. 
      0       8    1024    1162    2048 3714000 
[1] "------------"
[1] "30-machine5-co-random-50-true-1-1-30false-19250.out.latency"
   Min. 1st Qu.  Median    Mean 3rd Qu.    Max. 
      0       8    1165    1175    2048 3714000 
[1] "------------"
[1] "30-machine5-co-random-50-true-1-1-30false-21072.out.latency"
   Min. 1st Qu.  Median    Mean 3rd Qu.    Max. 
      0       8    1046    1164    2048 3714000 
[1] "------------"
[1] "30-machine5-co-random-50-true-1-1-30false-26672.out.latency"
   Min. 1st Qu.  Median    Mean 3rd Qu.    Max. 
      0       8    1024    1167    2048 3714000 
[1] "------------"
[1] "30-machine5-co-random-50-true-1-1-30false-28985.out.latency"
   Min. 1st Qu.  Median    Mean 3rd Qu.    Max. 
      0       8    1022    1159    2048 3714000 
[1] "------------"
[1] "30-machine5-co-random-50-true-1-1-30false-31086.out.latency"
   Min. 1st Qu.  Median    Mean 3rd Qu.    Max. 
      0       8    1006    1159    2048 3714000 
[1] "------------"
[1] "30-machine5-co-random-50-true-1-1-30false-6043.out.latency"
   Min. 1st Qu.  Median    Mean 3rd Qu.    Max. 
      0       8     985    1171    2048 3714000 
[1] "------------"
